<?xml version="1.0" encoding="UTF-8"?>
<testsuite xmlns:xsi="http://www.w3.org/2001/XMLSchema-instance" xsi:noNamespaceSchemaLocation="https://maven.apache.org/surefire/maven-surefire-plugin/xsd/surefire-test-report-3.0.xsd" version="3.0" name="org.abiram.api.controller.PersonControllerTest" time="0.907" tests="15" errors="0" skipped="0" failures="0">
  <properties>
[...]
</properties>
  <testcase name="testGetPersonByFirstName_WithNumbers" classname="org.abiram.api.controller.PersonControllerTest" time="0.745">
    <system-out><![CDATA[21:35:27.508 [main] INFO org.hibernate.validator.internal.util.Version -- HV000001: Hibernate Validator 8.0.1.Final
21:35:27.691 [main] INFO org.springframework.mock.web.MockServletContext -- Initializing Spring TestDispatcherServlet ''
21:35:27.691 [main] INFO org.springframework.test.web.servlet.TestDispatcherServlet -- Initializing Servlet ''
21:35:27.693 [main] INFO org.springframework.test.web.servlet.TestDispatcherServlet -- Completed initialization in 1 ms
21:35:27.719 [main] INFO org.abiram.api.controller.PersonController -- getting person information for : 123
]]></system-out>
  </testcase>
  <testcase name="testGetPersonByFirstName_UnitTest_NotFound" classname="org.abiram.api.controller.PersonControllerTest" time="0.006">
    <system-out><![CDATA[21:35:27.737 [main] INFO org.springframework.mock.web.MockServletContext -- Initializing Spring TestDispatcherServlet ''
21:35:27.737 [main] INFO org.springframework.test.web.servlet.TestDispatcherServlet -- Initializing Servlet ''
21:35:27.737 [main] INFO org.springframework.test.web.servlet.TestDispatcherServlet -- Completed initialization in 0 ms
21:35:27.737 [main] INFO org.abiram.api.controller.PersonController -- getting person information for : Bob
]]></system-out>
  </testcase>
  <testcase name="testGetPersonByFirstName_NotFound" classname="org.abiram.api.controller.PersonControllerTest" time="0.006">
    <system-out><![CDATA[21:35:27.744 [main] INFO org.springframework.mock.web.MockServletContext -- Initializing Spring TestDispatcherServlet ''
21:35:27.744 [main] INFO org.springframework.test.web.servlet.TestDispatcherServlet -- Initializing Servlet ''
21:35:27.744 [main] INFO org.springframework.test.web.servlet.TestDispatcherServlet -- Completed initialization in 0 ms
21:35:27.745 [main] INFO org.abiram.api.controller.PersonController -- getting person information for : NonExistent
]]></system-out>
  </testcase>
  <testcase name="testAddPerson_WithNullFields" classname="org.abiram.api.controller.PersonControllerTest" time="0.035">
    <system-out><![CDATA[21:35:27.754 [main] INFO org.springframework.mock.web.MockServletContext -- Initializing Spring TestDispatcherServlet ''
21:35:27.754 [main] INFO org.springframework.test.web.servlet.TestDispatcherServlet -- Initializing Servlet ''
21:35:27.754 [main] INFO org.springframework.test.web.servlet.TestDispatcherServlet -- Completed initialization in 0 ms
]]></system-out>
  </testcase>
  <testcase name="testGetPersonByFirstName_WithSpaces" classname="org.abiram.api.controller.PersonControllerTest" time="0.018">
    <system-out><![CDATA[21:35:27.786 [main] INFO org.springframework.mock.web.MockServletContext -- Initializing Spring TestDispatcherServlet ''
21:35:27.786 [main] INFO org.springframework.test.web.servlet.TestDispatcherServlet -- Initializing Servlet ''
21:35:27.786 [main] INFO org.springframework.test.web.servlet.TestDispatcherServlet -- Completed initialization in 0 ms
21:35:27.787 [main] INFO org.abiram.api.controller.PersonController -- getting person information for : Mary Jane
]]></system-out>
  </testcase>
  <testcase name="testAddPerson_UnitTest" classname="org.abiram.api.controller.PersonControllerTest" time="0.006">
    <system-out><![CDATA[21:35:27.804 [main] INFO org.springframework.mock.web.MockServletContext -- Initializing Spring TestDispatcherServlet ''
21:35:27.804 [main] INFO org.springframework.test.web.servlet.TestDispatcherServlet -- Initializing Servlet ''
21:35:27.804 [main] INFO org.springframework.test.web.servlet.TestDispatcherServlet -- Completed initialization in 0 ms
]]></system-out>
  </testcase>
  <testcase name="testGetPersonByFirstName_EmptyString" classname="org.abiram.api.controller.PersonControllerTest" time="0.01">
    <system-out><![CDATA[21:35:27.812 [main] INFO org.springframework.mock.web.MockServletContext -- Initializing Spring TestDispatcherServlet ''
21:35:27.812 [main] INFO org.springframework.test.web.servlet.TestDispatcherServlet -- Initializing Servlet ''
21:35:27.812 [main] INFO org.springframework.test.web.servlet.TestDispatcherServlet -- Completed initialization in 0 ms
21:35:27.813 [main] INFO org.abiram.api.controller.PersonController -- getting person information for : nonexistent
]]></system-out>
  </testcase>
  <testcase name="testAddPerson_InvalidJson" classname="org.abiram.api.controller.PersonControllerTest" time="0.011">
    <system-out><![CDATA[21:35:27.821 [main] INFO org.springframework.mock.web.MockServletContext -- Initializing Spring TestDispatcherServlet ''
21:35:27.821 [main] INFO org.springframework.test.web.servlet.TestDispatcherServlet -- Initializing Servlet ''
21:35:27.822 [main] INFO org.springframework.test.web.servlet.TestDispatcherServlet -- Completed initialization in 1 ms
21:35:27.826 [main] WARN org.springframework.web.servlet.mvc.support.DefaultHandlerExceptionResolver -- Resolved [org.springframework.http.converter.HttpMessageNotReadableException: JSON parse error: Unrecognized token 'invalid': was expecting (JSON String, Number, Array, Object or token 'null', 'true' or 'false')]
]]></system-out>
  </testcase>
  <testcase name="testAddPerson_WithEmptyJson" classname="org.abiram.api.controller.PersonControllerTest" time="0.008">
    <system-out><![CDATA[21:35:27.832 [main] INFO org.springframework.mock.web.MockServletContext -- Initializing Spring TestDispatcherServlet ''
21:35:27.832 [main] INFO org.springframework.test.web.servlet.TestDispatcherServlet -- Initializing Servlet ''
21:35:27.832 [main] INFO org.springframework.test.web.servlet.TestDispatcherServlet -- Completed initialization in 0 ms
]]></system-out>
  </testcase>
  <testcase name="testGetPersonByFirstName_UnitTest_Success" classname="org.abiram.api.controller.PersonControllerTest" time="0.005">
    <system-out><![CDATA[21:35:27.840 [main] INFO org.springframework.mock.web.MockServletContext -- Initializing Spring TestDispatcherServlet ''
21:35:27.840 [main] INFO org.springframework.test.web.servlet.TestDispatcherServlet -- Initializing Servlet ''
21:35:27.840 [main] INFO org.springframework.test.web.servlet.TestDispatcherServlet -- Completed initialization in 0 ms
21:35:27.840 [main] INFO org.abiram.api.controller.PersonController -- getting person information for : Alice
]]></system-out>
  </testcase>
  <testcase name="testGetPersonByFirstName_Success" classname="org.abiram.api.controller.PersonControllerTest" time="0.009">
    <system-out><![CDATA[21:35:27.846 [main] INFO org.springframework.mock.web.MockServletContext -- Initializing Spring TestDispatcherServlet ''
21:35:27.847 [main] INFO org.springframework.test.web.servlet.TestDispatcherServlet -- Initializing Servlet ''
21:35:27.847 [main] INFO org.springframework.test.web.servlet.TestDispatcherServlet -- Completed initialization in 0 ms
21:35:27.848 [main] INFO org.abiram.api.controller.PersonController -- getting person information for : John
]]></system-out>
  </testcase>
  <testcase name="testGetPersonByFirstName_WithSpecialCharacters" classname="org.abiram.api.controller.PersonControllerTest" time="0.007">
    <system-out><![CDATA[21:35:27.856 [main] INFO org.springframework.mock.web.MockServletContext -- Initializing Spring TestDispatcherServlet ''
21:35:27.856 [main] INFO org.springframework.test.web.servlet.TestDispatcherServlet -- Initializing Servlet ''
21:35:27.857 [main] INFO org.springframework.test.web.servlet.TestDispatcherServlet -- Completed initialization in 0 ms
21:35:27.857 [main] INFO org.abiram.api.controller.PersonController -- getting person information for : José
]]></system-out>
  </testcase>
  <testcase name="testAddPerson_WithVeryLongFields" classname="org.abiram.api.controller.PersonControllerTest" time="0.008">
    <system-out><![CDATA[21:35:27.863 [main] INFO org.springframework.mock.web.MockServletContext -- Initializing Spring TestDispatcherServlet ''
21:35:27.863 [main] INFO org.springframework.test.web.servlet.TestDispatcherServlet -- Initializing Servlet ''
21:35:27.863 [main] INFO org.springframework.test.web.servlet.TestDispatcherServlet -- Completed initialization in 0 ms
]]></system-out>
  </testcase>
  <testcase name="testAddPerson_Success" classname="org.abiram.api.controller.PersonControllerTest" time="0.007">
    <system-out><![CDATA[21:35:27.871 [main] INFO org.springframework.mock.web.MockServletContext -- Initializing Spring TestDispatcherServlet ''
21:35:27.871 [main] INFO org.springframework.test.web.servlet.TestDispatcherServlet -- Initializing Servlet ''
21:35:27.872 [main] INFO org.springframework.test.web.servlet.TestDispatcherServlet -- Completed initialization in 1 ms
]]></system-out>
  </testcase>
  <testcase name="testGetPersonByFirstName_CaseSensitive" classname="org.abiram.api.controller.PersonControllerTest" time="0.007">
    <system-out><![CDATA[21:35:27.879 [main] INFO org.springframework.mock.web.MockServletContext -- Initializing Spring TestDispatcherServlet ''
21:35:27.879 [main] INFO org.springframework.test.web.servlet.TestDispatcherServlet -- Initializing Servlet ''
21:35:27.879 [main] INFO org.springframework.test.web.servlet.TestDispatcherServlet -- Completed initialization in 0 ms
21:35:27.880 [main] INFO org.abiram.api.controller.PersonController -- getting person information for : john
]]></system-out>
  </testcase>
</testsuite>